<?xml version="1.0" encoding="UTF-8"?>
<testsuite name="entity.CompanyTest" tests="1" skipped="0" failures="0" errors="0" timestamp="2021-01-25T11:09:35" hostname="DESKTOP-M3KV8BB" time="0.015">
  <properties/>
  <testcase name="setSalary()" classname="entity.CompanyTest" time="0.015"/>
  <system-out><![CDATA[----------------------Incrementing
]]></system-out>
  <system-err><![CDATA[]]></system-err>
</testsuite>
